> my-v0-project@0.1.0 typecheck
> tsc --noEmit

app/about/page.tsx(172,17): error TS2322: Type '{ hidden: { opacity: number; y: number; }; visible: (i: number) => { opacity: number; y: number; transition: { delay: number; duration: number; ease: string; }; }; exit: { opacity: number; y: number; transition: { ...; }; }; }' is not assignable to type 'Variants'.
  Property 'visible' is incompatible with index signature.
    Type '(i: number) => { opacity: number; y: number; transition: { delay: number; duration: number; ease: string; }; }' is not assignable to type 'Variant'.
      Type '(i: number) => { opacity: number; y: number; transition: { delay: number; duration: number; ease: string; }; }' is not assignable to type 'TargetResolver'.
        Type '{ opacity: number; y: number; transition: { delay: number; duration: number; ease: string; }; }' is not assignable to type 'string | TargetAndTransition'.
          Type '{ opacity: number; y: number; transition: { delay: number; duration: number; ease: string; }; }' is not assignable to type 'TargetAndTransition'.
            Type '{ opacity: number; y: number; transition: { delay: number; duration: number; ease: string; }; }' is not assignable to type '{ transition?: Transition<any> | undefined; transitionEnd?: ResolvedValues | undefined; }'.
              Types of property 'transition' are incompatible.
                Type '{ delay: number; duration: number; ease: string; }' is not assignable to type 'Transition<any> | undefined'.
                  Type '{ delay: number; duration: number; ease: string; }' is not assignable to type 'TransitionWithValueOverrides<any>'.
                    Type '{ delay: number; duration: number; ease: string; }' is not assignable to type 'ValueAnimationTransition<any>'.
                      Types of property 'ease' are incompatible.
                        Type 'string' is not assignable to type 'Easing | Easing[] | undefined'.
app/about/page.tsx(183,25): error TS2322: Type '{ hidden: { opacity: number; y: number; }; visible: { opacity: number; y: number; transition: { duration: number; ease: string; delay: number; }; }; exit: { opacity: number; y: number; transition: { duration: number; ease: string; }; }; }' is not assignable to type 'Variants'.
  Property 'visible' is incompatible with index signature.
    Type '{ opacity: number; y: number; transition: { duration: number; ease: string; delay: number; }; }' is not assignable to type 'Variant'.
      Type '{ opacity: number; y: number; transition: { duration: number; ease: string; delay: number; }; }' is not assignable to type 'TargetAndTransition'.
        Type '{ opacity: number; y: number; transition: { duration: number; ease: string; delay: number; }; }' is not assignable to type '{ transition?: Transition<any> | undefined; transitionEnd?: ResolvedValues | undefined; }'.
          Types of property 'transition' are incompatible.
            Type '{ duration: number; ease: string; delay: number; }' is not assignable to type 'Transition<any> | undefined'.
              Type '{ duration: number; ease: string; delay: number; }' is not assignable to type 'TransitionWithValueOverrides<any>'.
                Type '{ duration: number; ease: string; delay: number; }' is not assignable to type 'ValueAnimationTransition<any>'.
                  Types of property 'ease' are incompatible.
                    Type 'string' is not assignable to type 'Easing | Easing[] | undefined'.
app/about/page.tsx(188,17): error TS2322: Type '{ hidden: { opacity: number; scale: number; }; visible: { opacity: number; scale: number; transition: { delay: number; duration: number; ease: string; }; }; exit: { opacity: number; scale: number; transition: { ...; }; }; }' is not assignable to type 'Variants'.
  Property 'visible' is incompatible with index signature.
    Type '{ opacity: number; scale: number; transition: { delay: number; duration: number; ease: string; }; }' is not assignable to type 'Variant'.
      Type '{ opacity: number; scale: number; transition: { delay: number; duration: number; ease: string; }; }' is not assignable to type 'TargetAndTransition'.
        Type '{ opacity: number; scale: number; transition: { delay: number; duration: number; ease: string; }; }' is not assignable to type '{ transition?: Transition<any> | undefined; transitionEnd?: ResolvedValues | undefined; }'.
          Types of property 'transition' are incompatible.
            Type '{ delay: number; duration: number; ease: string; }' is not assignable to type 'Transition<any> | undefined'.
              Type '{ delay: number; duration: number; ease: string; }' is not assignable to type 'TransitionWithValueOverrides<any>'.
                Type '{ delay: number; duration: number; ease: string; }' is not assignable to type 'ValueAnimationTransition<any>'.
                  Types of property 'ease' are incompatible.
                    Type 'string' is not assignable to type 'Easing | Easing[] | undefined'.
app/about/page.tsx(197,17): error TS2322: Type '{ hidden: { opacity: number; scale: number; }; visible: { opacity: number; scale: number; transition: { delay: number; duration: number; ease: string; }; }; exit: { opacity: number; scale: number; transition: { ...; }; }; }' is not assignable to type 'Variants'.
  Property 'visible' is incompatible with index signature.
    Type '{ opacity: number; scale: number; transition: { delay: number; duration: number; ease: string; }; }' is not assignable to type 'Variant'.
      Type '{ opacity: number; scale: number; transition: { delay: number; duration: number; ease: string; }; }' is not assignable to type 'TargetAndTransition'.
        Type '{ opacity: number; scale: number; transition: { delay: number; duration: number; ease: string; }; }' is not assignable to type '{ transition?: Transition<any> | undefined; transitionEnd?: ResolvedValues | undefined; }'.
          Types of property 'transition' are incompatible.
            Type '{ delay: number; duration: number; ease: string; }' is not assignable to type 'Transition<any> | undefined'.
              Type '{ delay: number; duration: number; ease: string; }' is not assignable to type 'TransitionWithValueOverrides<any>'.
                Type '{ delay: number; duration: number; ease: string; }' is not assignable to type 'ValueAnimationTransition<any>'.
                  Types of property 'ease' are incompatible.
                    Type 'string' is not assignable to type 'Easing | Easing[] | undefined'.
app/about/page.tsx(209,34): error TS2322: Type '{ hidden: { opacity: number; y: number; }; visible: (i: number) => { opacity: number; y: number; transition: { delay: number; duration: number; ease: string; }; }; exit: { opacity: number; y: number; transition: { ...; }; }; }' is not assignable to type 'Variants'.
  Property 'visible' is incompatible with index signature.
    Type '(i: number) => { opacity: number; y: number; transition: { delay: number; duration: number; ease: string; }; }' is not assignable to type 'Variant'.
      Type '(i: number) => { opacity: number; y: number; transition: { delay: number; duration: number; ease: string; }; }' is not assignable to type 'TargetResolver'.
        Type '{ opacity: number; y: number; transition: { delay: number; duration: number; ease: string; }; }' is not assignable to type 'string | TargetAndTransition'.
          Type '{ opacity: number; y: number; transition: { delay: number; duration: number; ease: string; }; }' is not assignable to type 'TargetAndTransition'.
            Type '{ opacity: number; y: number; transition: { delay: number; duration: number; ease: string; }; }' is not assignable to type '{ transition?: Transition<any> | undefined; transitionEnd?: ResolvedValues | undefined; }'.
              Types of property 'transition' are incompatible.
                Type '{ delay: number; duration: number; ease: string; }' is not assignable to type 'Transition<any> | undefined'.
                  Type '{ delay: number; duration: number; ease: string; }' is not assignable to type 'TransitionWithValueOverrides<any>'.
                    Type '{ delay: number; duration: number; ease: string; }' is not assignable to type 'ValueAnimationTransition<any>'.
                      Types of property 'ease' are incompatible.
                        Type 'string' is not assignable to type 'Easing | Easing[] | undefined'.
app/about/page.tsx(213,36): error TS2322: Type '{ hidden: { opacity: number; y: number; }; visible: (i: number) => { opacity: number; y: number; transition: { delay: number; duration: number; ease: string; }; }; exit: { opacity: number; y: number; transition: { ...; }; }; }' is not assignable to type 'Variants'.
  Property 'visible' is incompatible with index signature.
    Type '(i: number) => { opacity: number; y: number; transition: { delay: number; duration: number; ease: string; }; }' is not assignable to type 'Variant'.
      Type '(i: number) => { opacity: number; y: number; transition: { delay: number; duration: number; ease: string; }; }' is not assignable to type 'TargetResolver'.
        Type '{ opacity: number; y: number; transition: { delay: number; duration: number; ease: string; }; }' is not assignable to type 'string | TargetAndTransition'.
          Type '{ opacity: number; y: number; transition: { delay: number; duration: number; ease: string; }; }' is not assignable to type 'TargetAndTransition'.
            Type '{ opacity: number; y: number; transition: { delay: number; duration: number; ease: string; }; }' is not assignable to type '{ transition?: Transition<any> | undefined; transitionEnd?: ResolvedValues | undefined; }'.
              Types of property 'transition' are incompatible.
                Type '{ delay: number; duration: number; ease: string; }' is not assignable to type 'Transition<any> | undefined'.
                  Type '{ delay: number; duration: number; ease: string; }' is not assignable to type 'TransitionWithValueOverrides<any>'.
                    Type '{ delay: number; duration: number; ease: string; }' is not assignable to type 'ValueAnimationTransition<any>'.
                      Types of property 'ease' are incompatible.
                        Type 'string' is not assignable to type 'Easing | Easing[] | undefined'.
app/about/page.tsx(216,36): error TS2322: Type '{ hidden: { opacity: number; y: number; }; visible: (i: number) => { opacity: number; y: number; transition: { delay: number; duration: number; ease: string; }; }; exit: { opacity: number; y: number; transition: { ...; }; }; }' is not assignable to type 'Variants'.
  Property 'visible' is incompatible with index signature.
    Type '(i: number) => { opacity: number; y: number; transition: { delay: number; duration: number; ease: string; }; }' is not assignable to type 'Variant'.
      Type '(i: number) => { opacity: number; y: number; transition: { delay: number; duration: number; ease: string; }; }' is not assignable to type 'TargetResolver'.
        Type '{ opacity: number; y: number; transition: { delay: number; duration: number; ease: string; }; }' is not assignable to type 'string | TargetAndTransition'.
          Type '{ opacity: number; y: number; transition: { delay: number; duration: number; ease: string; }; }' is not assignable to type 'TargetAndTransition'.
            Type '{ opacity: number; y: number; transition: { delay: number; duration: number; ease: string; }; }' is not assignable to type '{ transition?: Transition<any> | undefined; transitionEnd?: ResolvedValues | undefined; }'.
              Types of property 'transition' are incompatible.
                Type '{ delay: number; duration: number; ease: string; }' is not assignable to type 'Transition<any> | undefined'.
                  Type '{ delay: number; duration: number; ease: string; }' is not assignable to type 'TransitionWithValueOverrides<any>'.
                    Type '{ delay: number; duration: number; ease: string; }' is not assignable to type 'ValueAnimationTransition<any>'.
                      Types of property 'ease' are incompatible.
                        Type 'string' is not assignable to type 'Easing | Easing[] | undefined'.
app/api/contact/route.ts(37,22): error TS2339: Property 'ip' does not exist on type 'NextRequest'.
app/api/contact/route.ts(94,7): error TS2561: Object literal may only specify known properties, but 'reply_to' does not exist in type 'CreateEmailOptions'. Did you mean to write 'replyTo'?
app/api/get-cv/route.ts(4,27): error TS6133: 'request' is declared but its value is never read.
app/blog/[slug]/layout.tsx(37,11): error TS6196: 'BlogPostLayoutProps' is declared but never used.
app/blog/[slug]/layout.tsx(64,60): error TS2339: Property 'slug' does not exist on type '{ name: string; order: number; }'.
app/blog/[slug]/layout.tsx(71,8): error TS2741: Property 'content' is missing in type '{ children: (Element | null)[]; post: BlogPost; }' but required in type 'BlogPostLayoutProps'.
app/blog/[slug]/layout.tsx(108,23): error TS2322: Type '{ contentId: string; slug: string; className: string; startInMiniPlayer: boolean; }' is not assignable to type 'IntrinsicAttributes & SpeedReadingButtonProps'.
  Property 'startInMiniPlayer' does not exist on type 'IntrinsicAttributes & SpeedReadingButtonProps'.
app/blog/[slug]/layout.tsx(116,23): error TS2322: Type '{ contentId: string; slug: string; className: string; startInMiniPlayer: boolean; }' is not assignable to type 'IntrinsicAttributes & SpeedReadingButtonProps'.
  Property 'startInMiniPlayer' does not exist on type 'IntrinsicAttributes & SpeedReadingButtonProps'.
app/blog/[slug]/layout.tsx(128,38): error TS2741: Property 'series' is missing in type '{ post: BlogPost; }' but required in type 'Props'.
app/blog/[slug]/layout.tsx(162,11): error TS2322: Type 'string | number' is not assignable to type 'string | undefined'.
  Type 'number' is not assignable to type 'string'.
app/blog/[slug]/layout.tsx(170,11): error TS2322: Type 'string | number' is not assignable to type 'string | undefined'.
  Type 'number' is not assignable to type 'string'.
app/blog/[slug]/page.tsx(94,19): error TS2322: Type '{ contentId: string; slug: string; className: string; startInMiniPlayer: true; }' is not assignable to type 'IntrinsicAttributes & SpeedReadingButtonProps'.
  Property 'startInMiniPlayer' does not exist on type 'IntrinsicAttributes & SpeedReadingButtonProps'.
app/blog/BlogPageClient.tsx(27,10): error TS6133: 'activeTab' is declared but its value is never read.
app/blog/BlogPageClient.tsx(79,22): error TS2339: Property 'length' does not exist on type 'Promise<BlogPost[]>'.
app/blog/BlogPageClient.tsx(83,36): error TS2740: Type 'Promise<BlogPost[]>' is missing the following properties from type 'BlogPost[]': length, pop, push, concat, and 35 more.
app/blog/BlogPageClient.tsx(142,31): error TS2322: Type 'string | null' is not assignable to type 'string | undefined'.
  Type 'null' is not assignable to type 'string | undefined'.
app/booking/actions.ts(72,49): error TS6133: 'data' is declared but its value is never read.
app/booking/booking-client.tsx(39,21): error TS2345: Argument of type 'BookingSession' is not assignable to parameter of type 'SetStateAction<{ name: string; email: string; topic: string; }>'.
  Type 'BookingSession' is not assignable to type '{ name: string; email: string; topic: string; }'.
    Types of property 'name' are incompatible.
      Type 'string | undefined' is not assignable to type 'string'.
        Type 'undefined' is not assignable to type 'string'.
app/booking/page.tsx(15,21): error TS2322: Type '{ children: Element[]; className: string; }' is not assignable to type 'IntrinsicAttributes & PageTransitionProps'.
  Property 'className' does not exist on type 'IntrinsicAttributes & PageTransitionProps'.
app/page.tsx(19,21): error TS2322: Type '{ children: Element; className: string; }' is not assignable to type 'IntrinsicAttributes & PageTransitionProps'.
  Property 'className' does not exist on type 'IntrinsicAttributes & PageTransitionProps'.
components/animate-in-view.tsx(67,6): error TS2322: Type '{ children: ReactNode; ref: RefObject<HTMLDivElement | null>; initial: string; animate: string; variants: { hidden: { opacity: number; } | { opacity: number; y: number; } | ... 4 more ... | {}; visible: { ...; } | ... 5 more ... | { ...; }; }; className: string | undefined; }' is not assignable to type 'IntrinsicAttributes & (((((((((string | ComponentType<unknown>) & Omit<HTMLMotionProps<"div">, "ref">) & RefAttributes<...> & Omit<...>) & ... 4 more ... & RefAttributes<...>) & ... 8 more ... & Omit<...>) & ... 17 more ... & RefAttributes<...>) & ... 36 more ... & Omit<...>) & ... 72 more ... & Omit<...>) & ... 146...'.
  Type '{ children: ReactNode; ref: RefObject<HTMLDivElement | null>; initial: string; animate: string; variants: { hidden: { opacity: number; } | { opacity: number; y: number; } | ... 4 more ... | {}; visible: { ...; } | ... 5 more ... | { ...; }; }; className: string | undefined; }' is not assignable to type 'FunctionComponent<unknown>'.
    Type '{ children: ReactNode; ref: RefObject<HTMLDivElement | null>; initial: string; animate: string; variants: { hidden: { opacity: number; } | { opacity: number; y: number; } | ... 4 more ... | {}; visible: { ...; } | ... 5 more ... | { ...; }; }; className: string | undefined; }' provides no match for the signature '(props: unknown): ReactNode | Promise<ReactNode>'.
components/animate-in-view.tsx(68,7): error TS2590: Expression produces a union type that is too complex to represent.
components/annotation-marker.tsx(14,48): error TS6133: 'isEditable' is declared but its value is never read.
components/architecture-content.tsx(252,43): error TS6133: 'index' is declared but its value is never read.
components/architecture-project-simple.tsx(32,3): error TS6133: 'modelUrl' is declared but its value is never read.
components/architecture-project.tsx(32,3): error TS6133: 'modelUrl' is declared but its value is never read.
components/blog-content-renderer.tsx(6,10): error TS2614: Module '"@/components/blog-content-wrapper"' has no exported member 'BlogContentWrapper'. Did you mean to use 'import BlogContentWrapper from "@/components/blog-content-wrapper"' instead?
components/blog-post-layout.tsx(45,26): error TS2741: Property 'series' is missing in type '{ post: BlogPost; }' but required in type 'Props'.
components/blog-post-layout.tsx(75,51): error TS2322: Type '{ content: string; blogSlug: string; className: string; withDropCap: boolean; }' is not assignable to type 'IntrinsicAttributes & MarkdownRendererProps'.
  Property 'blogSlug' does not exist on type 'IntrinsicAttributes & MarkdownRendererProps'.
components/blog-post-tracker.tsx(20,24): error TS6133: 'wordCount' is declared but its value is never read.
components/blog-post-tracker.tsx(41,11): error TS2322: Type 'null' is not assignable to type 'Timeout'.
components/blog-selection-speed-read.tsx(12,59): error TS6133: 'slug' is declared but its value is never read.
components/booking-calendar.tsx(80,11): error TS6133: 'year' is declared but its value is never read.
components/booking-calendar.tsx(81,11): error TS6133: 'month' is declared but its value is never read.
components/categorized-tag-cloud.tsx(18,50): error TS6133: 'onSelectTag' is declared but its value is never read.
components/circular-reading-progress.tsx(27,56): error TS2554: Expected 0 arguments, but got 1.
components/contact-section.tsx(18,48): error TS2339: Property 'email' does not exist on type '{ name: string; url: string; ogImage: string; description: string; author: { name: string; }; links: { github: string; linkedin: string; instagram: string; email: string; }; navLinks: { href: string; label: string; icon: string; }[]; contact: { ...; }; resumeUrl: string; }'.
components/contact-section.tsx(19,29): error TS2339: Property 'email' does not exist on type '{ name: string; url: string; ogImage: string; description: string; author: { name: string; }; links: { github: string; linkedin: string; instagram: string; email: string; }; navLinks: { href: string; label: string; icon: string; }[]; contact: { ...; }; resumeUrl: string; }'.
components/contact-section.tsx(24,61): error TS2339: Property 'location' does not exist on type '{ name: string; url: string; ogImage: string; description: string; author: { name: string; }; links: { github: string; linkedin: string; instagram: string; email: string; }; navLinks: { href: string; label: string; icon: string; }[]; contact: { ...; }; resumeUrl: string; }'.
components/custom-actions/add-action-dialog.tsx(43,15): error TS2345: Argument of type 'ActionFormData' is not assignable to parameter of type 'Omit<CustomAction, "id">'.
  Property 'enabled' is missing in type 'ActionFormData' but required in type 'Omit<CustomAction, "id">'.
components/education-timeline.tsx(172,11): error TS2322: Type '{ children: Element[]; ref: RefObject<HTMLDivElement | null>; drag: "x"; dragConstraints: { left: number; right: number; }; dragElasticity: number; dragMomentum: false; onDragEnd: () => void; className: string; style: { ...; }; }' is not assignable to type 'IntrinsicAttributes & Omit<HTMLMotionProps<"div">, "ref"> & RefAttributes<HTMLDivElement>'.
  Property 'dragElasticity' does not exist on type 'IntrinsicAttributes & Omit<HTMLMotionProps<"div">, "ref"> & RefAttributes<HTMLDivElement>'. Did you mean 'dragElastic'?
components/featured-projects-section.tsx(27,31): error TS2322: Type 'import("/Users/thakr/.local/dev/thakr.io/lib/projects-data").Project[]' is not assignable to type 'import("/Users/thakr/.local/dev/thakr.io/types/project").Project[]'.
  Property 'content' is missing in type 'import("/Users/thakr/.local/dev/thakr.io/lib/projects-data").Project' but required in type 'import("/Users/thakr/.local/dev/thakr.io/types/project").Project'.
components/floating-share-button.tsx(19,21): error TS2365: Operator '>' cannot be applied to types 'ScrollPosition' and 'number'.
components/floating-speed-read-button.tsx(17,60): error TS6133: 'contentSelector' is declared but its value is never read.
components/floating-speed-read-button.tsx(17,77): error TS6133: 'selector' is declared but its value is never read.
components/floating-speed-read-button.tsx(21,22): error TS2365: Operator '>' cannot be applied to types 'ScrollPosition' and 'number'.
components/grid-tag-cloud.tsx(27,35): error TS2322: Type '{ tag: string; count: number; className: string; }' is not assignable to type 'IntrinsicAttributes & ColoredTagProps'.
  Property 'count' does not exist on type 'IntrinsicAttributes & ColoredTagProps'.
components/icons.tsx(175,3): error TS1117: An object literal cannot have multiple properties with the same name.
components/image-gallery.tsx(122,13): error TS2322: Type '{ isAnnotating: boolean; toggleAnnotationMode: () => void; hasAnnotations: boolean | undefined; setShowExportDialog: Dispatch<SetStateAction<boolean>>; ... 4 more ...; toggleFullscreen: () => void; }' is not assignable to type 'IntrinsicAttributes & ImageGalleryControlsProps'.
  Property 'isAnnotating' does not exist on type 'IntrinsicAttributes & ImageGalleryControlsProps'.
components/image-gallery.tsx(147,13): error TS2322: Type 'Annotation[] | undefined' is not assignable to type 'Annotation[]'.
  Type 'undefined' is not assignable to type 'Annotation[]'.
components/image-gallery.tsx(188,9): error TS2322: Type '(options: import("/Users/thakr/.local/dev/thakr.io/hooks/use-image-gallery").ExportOptions) => Promise<void>' is not assignable to type '(options: import("/Users/thakr/.local/dev/thakr.io/utils/export-annotations").ExportOptions) => Promise<void>'.
  Types of parameters 'options' and 'options' are incompatible.
    Type 'ExportOptions' is missing the following properties from type 'ExportOptions': includeImage, includeSummary
components/image-gallery.tsx(189,9): error TS2322: Type 'boolean | undefined' is not assignable to type 'boolean'.
  Type 'undefined' is not assignable to type 'boolean'.
components/image-gallery.tsx(199,9): error TS2322: Type '{ images: ImageWithAnnotations[]; currentIndex: number; isOpen: boolean; onClose: () => void; onIndexChange: Dispatch<SetStateAction<number>>; projectTitle: string; onAnnotationUpdate: (index: number, annotations: Annotation[]) => void; }' is not assignable to type 'IntrinsicAttributes & FullscreenGalleryProps'.
  Property 'onAnnotationUpdate' does not exist on type 'IntrinsicAttributes & FullscreenGalleryProps'.
components/loading-monitor.tsx(5,64): error TS2307: Cannot find module '@/utils/loading-debugger' or its corresponding type declarations.
components/loading-monitor.tsx(9,10): error TS6133: 'stuckRoutes' is declared but its value is never read.
components/mdx-speed-reading.tsx(42,55): error TS2322: Type '{ selector: string; contentId: string | undefined; className: string; }' is not assignable to type 'IntrinsicAttributes & FloatingSpeedReadButtonProps'.
  Property 'contentId' does not exist on type 'IntrinsicAttributes & FloatingSpeedReadButtonProps'.
components/micro-interactions/enhanced-card.tsx(7,15): error TS2305: Module '"@/components/ui/card"' has no exported member 'CardProps'.
components/micro-interactions/enhanced-card.tsx(16,6): error TS2339: Property 'className' does not exist on type 'EnhancedCardProps'.
components/micro-interactions/enhanced-icon.tsx(37,8): error TS2322: Type '{ children: ReactNode; defaultChecked?: boolean | undefined; defaultValue?: string | number | readonly string[] | undefined; suppressContentEditableWarning?: boolean | undefined; ... 279 more ...; transition: { ...; }; }' is not assignable to type 'Omit<HTMLMotionProps<"div">, "ref">'.
  Types of property 'onDrag' are incompatible.
    Type 'DragEventHandler<HTMLDivElement> | undefined' is not assignable to type '((event: MouseEvent | TouchEvent | PointerEvent, info: PanInfo) => void) | undefined'.
      Type 'DragEventHandler<HTMLDivElement>' is not assignable to type '(event: MouseEvent | TouchEvent | PointerEvent, info: PanInfo) => void'.
        Types of parameters 'event' and 'event' are incompatible.
          Type 'MouseEvent | TouchEvent | PointerEvent' is not assignable to type 'DragEvent<HTMLDivElement>'.
            Type 'MouseEvent' is missing the following properties from type 'DragEvent<HTMLDivElement>': dataTransfer, nativeEvent, isDefaultPrevented, isPropagationStopped, persist
components/micro-interactions/enhanced-input.tsx(7,15): error TS2305: Module '"@/components/ui/input"' has no exported member 'InputProps'.
components/micro-interactions/enhanced-input.tsx(15,6): error TS2339: Property 'className' does not exist on type 'EnhancedInputProps'.
components/prefetch-link.tsx(54,17): error TS6133: 'e' is declared but its value is never read.
components/projects-content.tsx(17,43): error TS2741: Property 'content' is missing in type 'import("/Users/thakr/.local/dev/thakr.io/lib/projects-data").Project' but required in type 'import("/Users/thakr/.local/dev/thakr.io/types/project").Project'.
components/reading-progress-bar.tsx(124,13): error TS7030: Not all code paths return a value.
components/reading-progress-indicator.tsx(15,50): error TS6133: 'title' is declared but its value is never read.
components/reading-speed-settings.tsx(27,46): error TS6133: 'preset' is declared but its value is never read.
components/reading-speed-settings.tsx(27,54): error TS6133: 'setPreset' is declared but its value is never read.
components/reading-time.tsx(17,3): error TS6133: 'actualMinutes' is declared but its value is never read.
components/related-posts.tsx(16,44): error TS6133: 'currentSlug' is declared but its value is never read.
components/related-posts.tsx(16,57): error TS6133: 'tags' is declared but its value is never read.
components/related-posts.tsx(16,63): error TS6133: 'maxPosts' is declared but its value is never read.
components/section-content-reveal.tsx(53,7): error TS2322: Type '{ hidden: { opacity: number; y: number; }; visible: (i: number) => { opacity: number; y: number; transition: { delay: number; duration: number; ease: number[]; }; }; exit: { opacity: number; y: number; transition: { ...; }; }; } | { ...; } | { ...; }' is not assignable to type 'Variants | undefined'.
  Type '{ hidden: { opacity: number; y: number; }; visible: (i: number) => { opacity: number; y: number; transition: { delay: number; duration: number; ease: number[]; }; }; exit: { opacity: number; y: number; transition: { ...; }; }; }' is not assignable to type 'Variants'.
    Property 'visible' is incompatible with index signature.
      Type '(i: number) => { opacity: number; y: number; transition: { delay: number; duration: number; ease: number[]; }; }' is not assignable to type 'Variant'.
        Type '(i: number) => { opacity: number; y: number; transition: { delay: number; duration: number; ease: number[]; }; }' is not assignable to type 'TargetResolver'.
          Type '{ opacity: number; y: number; transition: { delay: number; duration: number; ease: number[]; }; }' is not assignable to type 'string | TargetAndTransition'.
            Type '{ opacity: number; y: number; transition: { delay: number; duration: number; ease: number[]; }; }' is not assignable to type 'TargetAndTransition'.
              Type '{ opacity: number; y: number; transition: { delay: number; duration: number; ease: number[]; }; }' is not assignable to type '{ transition?: Transition<any> | undefined; transitionEnd?: ResolvedValues | undefined; }'.
                Types of property 'transition' are incompatible.
                  Type '{ delay: number; duration: number; ease: number[]; }' is not assignable to type 'Transition<any> | undefined'.
                    Type '{ delay: number; duration: number; ease: number[]; }' is not assignable to type 'TransitionWithValueOverrides<any>'.
                      Type '{ delay: number; duration: number; ease: number[]; }' is not assignable to type 'ValueAnimationTransition<any>'.
                        Types of property 'ease' are incompatible.
                          Type 'number[]' is not assignable to type 'Easing | Easing[] | undefined'.
                            Type 'number[]' is not assignable to type 'EasingFunction | Easing[]'.
                              Type 'number[]' is not assignable to type 'Easing[]'.
                                Type 'number' is not assignable to type 'Easing'.
components/section-staggered-item.tsx(37,29): error TS2353: Object literal may only specify known properties, and 'x' does not exist in type '{ opacity: number; y: number; }'.
components/section-staggered-item.tsx(40,9): error TS2353: Object literal may only specify known properties, and 'x' does not exist in type '{ opacity: number; y: number; transition: { duration: number; ease: number[]; }; }'.
components/section-staggered-item.tsx(46,29): error TS2353: Object literal may only specify known properties, and 'scale' does not exist in type '{ opacity: number; y: number; }'.
components/section-staggered-item.tsx(49,9): error TS2353: Object literal may only specify known properties, and 'scale' does not exist in type '{ opacity: number; y: number; transition: { duration: number; ease: number[]; }; }'.
components/section-staggered-item.tsx(55,36): error TS2353: Object literal may only specify known properties, and 'rotateX' does not exist in type '{ opacity: number; y: number; }'.
components/section-staggered-item.tsx(59,9): error TS2353: Object literal may only specify known properties, and 'rotateX' does not exist in type '{ opacity: number; y: number; transition: { duration: number; ease: number[]; }; }'.
components/section-staggered-item.tsx(65,29): error TS2353: Object literal may only specify known properties, and 'filter' does not exist in type '{ opacity: number; y: number; }'.
components/section-staggered-item.tsx(68,9): error TS2353: Object literal may only specify known properties, and 'filter' does not exist in type '{ opacity: number; y: number; transition: { duration: number; ease: number[]; }; }'.
components/section-staggered-item.tsx(74,36): error TS2353: Object literal may only specify known properties, and 'rotateX' does not exist in type '{ opacity: number; y: number; }'.
components/section-staggered-item.tsx(78,9): error TS2353: Object literal may only specify known properties, and 'rotateX' does not exist in type '{ opacity: number; y: number; transition: { duration: number; ease: number[]; }; }'.
components/section-staggered-item.tsx(87,38): error TS2322: Type '{ hidden: { opacity: number; y: number; }; visible: { opacity: number; y: number; transition: { duration: number; ease: number[]; }; }; }' is not assignable to type 'Variants'.
  Property 'visible' is incompatible with index signature.
    Type '{ opacity: number; y: number; transition: { duration: number; ease: number[]; }; }' is not assignable to type 'Variant'.
      Type '{ opacity: number; y: number; transition: { duration: number; ease: number[]; }; }' is not assignable to type 'TargetAndTransition'.
        Type '{ opacity: number; y: number; transition: { duration: number; ease: number[]; }; }' is not assignable to type '{ transition?: Transition<any> | undefined; transitionEnd?: ResolvedValues | undefined; }'.
          Types of property 'transition' are incompatible.
            Type '{ duration: number; ease: number[]; }' is not assignable to type 'Transition<any> | undefined'.
              Type '{ duration: number; ease: number[]; }' is not assignable to type 'TransitionWithValueOverrides<any>'.
                Type '{ duration: number; ease: number[]; }' is not assignable to type 'ValueAnimationTransition<any>'.
                  Types of property 'ease' are incompatible.
                    Type 'number[]' is not assignable to type 'Easing | Easing[] | undefined'.
                      Type 'number[]' is not assignable to type 'EasingFunction | Easing[]'.
                        Type 'number[]' is not assignable to type 'Easing[]'.
                          Type 'number' is not assignable to type 'Easing'.
components/series-card.tsx(21,34): error TS2339: Property 'description' does not exist on type 'Series'.
components/series-toc.tsx(32,21): error TS2339: Property 'part' does not exist on type '{ name: string; order: number; }'.
components/series-toc.tsx(32,37): error TS2339: Property 'part' does not exist on type '{ name: string; order: number; }'.
components/series-toc.tsx(126,41): error TS2339: Property 'part' does not exist on type '{ name: string; order: number; }'.
components/skeletons/adaptive-skeleton.tsx(162,11): error TS2322: Type '{ section: "home" | "architecture" | "about" | "projects" | "blog" | "work" | "booking"; delay: number; className: string; style: { maxWidth: number; }; }' is not assignable to type 'IntrinsicAttributes & SkeletonBaseProps'.
  Property 'style' does not exist on type 'IntrinsicAttributes & SkeletonBaseProps'.
components/skeletons/adaptive-skeleton.tsx(175,11): error TS2322: Type '{ section: "home" | "architecture" | "about" | "projects" | "blog" | "work" | "booking"; delay: number; className: string; style: { width: string; }; }' is not assignable to type 'IntrinsicAttributes & SkeletonBaseProps'.
  Property 'style' does not exist on type 'IntrinsicAttributes & SkeletonBaseProps'.
components/skeletons/animated-architecture-skeleton.tsx(11,6): error TS2322: Type '{ children: Element[]; section: "architecture"; animate: string; delay: number; className: string; }' is not assignable to type 'IntrinsicAttributes & SkeletonBaseProps'.
  Property 'children' does not exist on type 'IntrinsicAttributes & SkeletonBaseProps'.
components/skeletons/animated-architecture-skeleton.tsx(18,44): error TS2322: Type '{ section: "architecture"; stagger: number; delay: number; className: string; }' is not assignable to type 'IntrinsicAttributes & SkeletonBaseProps'.
  Property 'stagger' does not exist on type 'IntrinsicAttributes & SkeletonBaseProps'.
components/skeletons/animated-architecture-skeleton.tsx(22,46): error TS2322: Type '{ section: "architecture"; stagger: number; delay: number; className: string; }' is not assignable to type 'IntrinsicAttributes & SkeletonBaseProps'.
  Property 'stagger' does not exist on type 'IntrinsicAttributes & SkeletonBaseProps'.
components/skeletons/animated-architecture-skeleton.tsx(26,48): error TS2322: Type '{ section: "architecture"; stagger: number; delay: number; className: string; }' is not assignable to type 'IntrinsicAttributes & SkeletonBaseProps'.
  Property 'stagger' does not exist on type 'IntrinsicAttributes & SkeletonBaseProps'.
components/skeletons/animated-architecture-skeleton.tsx(27,48): error TS2322: Type '{ section: "architecture"; stagger: number; delay: number; className: string; }' is not assignable to type 'IntrinsicAttributes & SkeletonBaseProps'.
  Property 'stagger' does not exist on type 'IntrinsicAttributes & SkeletonBaseProps'.
components/skeletons/animated-architecture-skeleton.tsx(28,48): error TS2322: Type '{ section: "architecture"; stagger: number; delay: number; className: string; }' is not assignable to type 'IntrinsicAttributes & SkeletonBaseProps'.
  Property 'stagger' does not exist on type 'IntrinsicAttributes & SkeletonBaseProps'.
components/skeletons/animated-architecture-skeleton.tsx(33,48): error TS2322: Type '{ section: "architecture"; stagger: number; delay: number; className: string; }' is not assignable to type 'IntrinsicAttributes & SkeletonBaseProps'.
  Property 'stagger' does not exist on type 'IntrinsicAttributes & SkeletonBaseProps'.
components/skeletons/animated-architecture-skeleton.tsx(34,48): error TS2322: Type '{ section: "architecture"; stagger: number; delay: number; className: string; }' is not assignable to type 'IntrinsicAttributes & SkeletonBaseProps'.
  Property 'stagger' does not exist on type 'IntrinsicAttributes & SkeletonBaseProps'.
components/skeletons/animated-blog-content-skeleton.tsx(14,38): error TS2322: Type '{ section: "blog"; stagger: number; delay: number; className: string; }' is not assignable to type 'IntrinsicAttributes & SkeletonBaseProps'.
  Property 'stagger' does not exist on type 'IntrinsicAttributes & SkeletonBaseProps'.
components/skeletons/animated-blog-content-skeleton.tsx(16,38): error TS2322: Type '{ section: "blog"; stagger: number; delay: number; className: string; }' is not assignable to type 'IntrinsicAttributes & SkeletonBaseProps'.
  Property 'stagger' does not exist on type 'IntrinsicAttributes & SkeletonBaseProps'.
components/skeletons/animated-blog-content-skeleton.tsx(18,38): error TS2322: Type '{ section: "blog"; stagger: number; delay: number; className: string; }' is not assignable to type 'IntrinsicAttributes & SkeletonBaseProps'.
  Property 'stagger' does not exist on type 'IntrinsicAttributes & SkeletonBaseProps'.
components/skeletons/animated-blog-content-skeleton.tsx(21,40): error TS2322: Type '{ section: "blog"; stagger: number; delay: number; className: string; }' is not assignable to type 'IntrinsicAttributes & SkeletonBaseProps'.
  Property 'stagger' does not exist on type 'IntrinsicAttributes & SkeletonBaseProps'.
components/skeletons/animated-blog-content-skeleton.tsx(22,40): error TS2322: Type '{ section: "blog"; stagger: number; delay: number; className: string; }' is not assignable to type 'IntrinsicAttributes & SkeletonBaseProps'.
  Property 'stagger' does not exist on type 'IntrinsicAttributes & SkeletonBaseProps'.
components/skeletons/animated-blog-content-skeleton.tsx(27,36): error TS2322: Type '{ section: "blog"; stagger: number; delay: number; className: string; }' is not assignable to type 'IntrinsicAttributes & SkeletonBaseProps'.
  Property 'stagger' does not exist on type 'IntrinsicAttributes & SkeletonBaseProps'.
components/skeletons/animated-blog-content-skeleton.tsx(33,40): error TS2322: Type '{ section: "blog"; stagger: number; delay: number; className: string; }' is not assignable to type 'IntrinsicAttributes & SkeletonBaseProps'.
  Property 'stagger' does not exist on type 'IntrinsicAttributes & SkeletonBaseProps'.
components/skeletons/animated-blog-content-skeleton.tsx(34,40): error TS2322: Type '{ section: "blog"; stagger: number; delay: number; className: string; }' is not assignable to type 'IntrinsicAttributes & SkeletonBaseProps'.
  Property 'stagger' does not exist on type 'IntrinsicAttributes & SkeletonBaseProps'.
components/skeletons/animated-blog-content-skeleton.tsx(35,40): error TS2322: Type '{ section: "blog"; stagger: number; delay: number; className: string; }' is not assignable to type 'IntrinsicAttributes & SkeletonBaseProps'.
  Property 'stagger' does not exist on type 'IntrinsicAttributes & SkeletonBaseProps'.
components/skeletons/animated-blog-content-skeleton.tsx(36,40): error TS2322: Type '{ section: "blog"; stagger: number; delay: number; className: string; }' is not assignable to type 'IntrinsicAttributes & SkeletonBaseProps'.
  Property 'stagger' does not exist on type 'IntrinsicAttributes & SkeletonBaseProps'.
components/skeletons/animated-blog-content-skeleton.tsx(40,38): error TS2322: Type '{ section: "blog"; stagger: number; delay: number; className: string; }' is not assignable to type 'IntrinsicAttributes & SkeletonBaseProps'.
  Property 'stagger' does not exist on type 'IntrinsicAttributes & SkeletonBaseProps'.
components/skeletons/animated-blog-content-skeleton.tsx(44,40): error TS2322: Type '{ section: "blog"; stagger: number; delay: number; className: string; }' is not assignable to type 'IntrinsicAttributes & SkeletonBaseProps'.
  Property 'stagger' does not exist on type 'IntrinsicAttributes & SkeletonBaseProps'.
components/skeletons/animated-blog-content-skeleton.tsx(45,40): error TS2322: Type '{ section: "blog"; stagger: number; delay: number; className: string; }' is not assignable to type 'IntrinsicAttributes & SkeletonBaseProps'.
  Property 'stagger' does not exist on type 'IntrinsicAttributes & SkeletonBaseProps'.
components/skeletons/animated-blog-content-skeleton.tsx(46,40): error TS2322: Type '{ section: "blog"; stagger: number; delay: number; className: string; }' is not assignable to type 'IntrinsicAttributes & SkeletonBaseProps'.
  Property 'stagger' does not exist on type 'IntrinsicAttributes & SkeletonBaseProps'.
components/skeletons/animated-blog-content-skeleton.tsx(50,38): error TS2322: Type '{ section: "blog"; stagger: number; delay: number; className: string; }' is not assignable to type 'IntrinsicAttributes & SkeletonBaseProps'.
  Property 'stagger' does not exist on type 'IntrinsicAttributes & SkeletonBaseProps'.
components/skeletons/animated-blog-content-skeleton.tsx(54,40): error TS2322: Type '{ section: "blog"; stagger: number; delay: number; className: string; }' is not assignable to type 'IntrinsicAttributes & SkeletonBaseProps'.
  Property 'stagger' does not exist on type 'IntrinsicAttributes & SkeletonBaseProps'.
components/skeletons/animated-blog-content-skeleton.tsx(55,40): error TS2322: Type '{ section: "blog"; stagger: number; delay: number; className: string; }' is not assignable to type 'IntrinsicAttributes & SkeletonBaseProps'.
  Property 'stagger' does not exist on type 'IntrinsicAttributes & SkeletonBaseProps'.
components/skeletons/animated-blog-content-skeleton.tsx(56,40): error TS2322: Type '{ section: "blog"; stagger: number; delay: number; className: string; }' is not assignable to type 'IntrinsicAttributes & SkeletonBaseProps'.
  Property 'stagger' does not exist on type 'IntrinsicAttributes & SkeletonBaseProps'.
components/skeletons/animated-blog-skeleton.tsx(11,6): error TS2322: Type '{ children: Element; section: "blog"; animate: string; delay: number; className: string; }' is not assignable to type 'IntrinsicAttributes & SkeletonBaseProps'.
  Property 'children' does not exist on type 'IntrinsicAttributes & SkeletonBaseProps'.
components/skeletons/animated-blog-skeleton.tsx(14,38): error TS2322: Type '{ section: "blog"; stagger: number; delay: number; className: string; }' is not assignable to type 'IntrinsicAttributes & SkeletonBaseProps'.
  Property 'stagger' does not exist on type 'IntrinsicAttributes & SkeletonBaseProps'.
components/skeletons/animated-blog-skeleton.tsx(18,40): error TS2322: Type '{ section: "blog"; stagger: number; delay: number; className: string; }' is not assignable to type 'IntrinsicAttributes & SkeletonBaseProps'.
  Property 'stagger' does not exist on type 'IntrinsicAttributes & SkeletonBaseProps'.
components/skeletons/animated-blog-skeleton.tsx(19,40): error TS2322: Type '{ section: "blog"; stagger: number; delay: number; className: string; }' is not assignable to type 'IntrinsicAttributes & SkeletonBaseProps'.
  Property 'stagger' does not exist on type 'IntrinsicAttributes & SkeletonBaseProps'.
components/skeletons/animated-blog-skeleton.tsx(24,40): error TS2322: Type '{ section: "blog"; stagger: number; delay: number; className: string; }' is not assignable to type 'IntrinsicAttributes & SkeletonBaseProps'.
  Property 'stagger' does not exist on type 'IntrinsicAttributes & SkeletonBaseProps'.
components/skeletons/animated-blog-skeleton.tsx(25,40): error TS2322: Type '{ section: "blog"; stagger: number; delay: number; className: string; }' is not assignable to type 'IntrinsicAttributes & SkeletonBaseProps'.
  Property 'stagger' does not exist on type 'IntrinsicAttributes & SkeletonBaseProps'.
components/skeletons/animated-blog-skeleton.tsx(26,40): error TS2322: Type '{ section: "blog"; stagger: number; delay: number; className: string; }' is not assignable to type 'IntrinsicAttributes & SkeletonBaseProps'.
  Property 'stagger' does not exist on type 'IntrinsicAttributes & SkeletonBaseProps'.
components/skeletons/animated-blog-skeleton.tsx(31,40): error TS2322: Type '{ section: "blog"; stagger: number; delay: number; className: string; }' is not assignable to type 'IntrinsicAttributes & SkeletonBaseProps'.
  Property 'stagger' does not exist on type 'IntrinsicAttributes & SkeletonBaseProps'.
components/skeletons/animated-blog-skeleton.tsx(32,40): error TS2322: Type '{ section: "blog"; stagger: number; delay: number; className: string; }' is not assignable to type 'IntrinsicAttributes & SkeletonBaseProps'.
  Property 'stagger' does not exist on type 'IntrinsicAttributes & SkeletonBaseProps'.
components/skeletons/animated-blog-skeleton.tsx(37,40): error TS2322: Type '{ section: "blog"; stagger: number; delay: number; className: string; }' is not assignable to type 'IntrinsicAttributes & SkeletonBaseProps'.
  Property 'stagger' does not exist on type 'IntrinsicAttributes & SkeletonBaseProps'.
components/skeletons/animated-blog-skeleton.tsx(38,40): error TS2322: Type '{ section: "blog"; stagger: number; delay: number; className: string; }' is not assignable to type 'IntrinsicAttributes & SkeletonBaseProps'.
  Property 'stagger' does not exist on type 'IntrinsicAttributes & SkeletonBaseProps'.
components/skeletons/animated-blog-skeleton.tsx(39,40): error TS2322: Type '{ section: "blog"; stagger: number; delay: number; className: string; }' is not assignable to type 'IntrinsicAttributes & SkeletonBaseProps'.
  Property 'stagger' does not exist on type 'IntrinsicAttributes & SkeletonBaseProps'.
components/skeletons/animated-project-skeleton.tsx(11,6): error TS2322: Type '{ children: Element[]; section: "projects"; animate: string; delay: number; className: string; }' is not assignable to type 'IntrinsicAttributes & SkeletonBaseProps'.
  Property 'children' does not exist on type 'IntrinsicAttributes & SkeletonBaseProps'.
components/skeletons/animated-project-skeleton.tsx(18,40): error TS2322: Type '{ section: "projects"; stagger: number; delay: number; className: string; }' is not assignable to type 'IntrinsicAttributes & SkeletonBaseProps'.
  Property 'stagger' does not exist on type 'IntrinsicAttributes & SkeletonBaseProps'.
components/skeletons/animated-project-skeleton.tsx(22,42): error TS2322: Type '{ section: "projects"; stagger: number; delay: number; className: string; }' is not assignable to type 'IntrinsicAttributes & SkeletonBaseProps'.
  Property 'stagger' does not exist on type 'IntrinsicAttributes & SkeletonBaseProps'.
components/skeletons/animated-project-skeleton.tsx(26,44): error TS2322: Type '{ section: "projects"; stagger: number; delay: number; className: string; }' is not assignable to type 'IntrinsicAttributes & SkeletonBaseProps'.
  Property 'stagger' does not exist on type 'IntrinsicAttributes & SkeletonBaseProps'.
components/skeletons/animated-project-skeleton.tsx(27,44): error TS2322: Type '{ section: "projects"; stagger: number; delay: number; className: string; }' is not assignable to type 'IntrinsicAttributes & SkeletonBaseProps'.
  Property 'stagger' does not exist on type 'IntrinsicAttributes & SkeletonBaseProps'.
components/skeletons/animated-project-skeleton.tsx(32,44): error TS2322: Type '{ section: "projects"; stagger: number; delay: number; className: string; }' is not assignable to type 'IntrinsicAttributes & SkeletonBaseProps'.
  Property 'stagger' does not exist on type 'IntrinsicAttributes & SkeletonBaseProps'.
components/skeletons/animated-project-skeleton.tsx(33,44): error TS2322: Type '{ section: "projects"; stagger: number; delay: number; className: string; }' is not assignable to type 'IntrinsicAttributes & SkeletonBaseProps'.
  Property 'stagger' does not exist on type 'IntrinsicAttributes & SkeletonBaseProps'.
components/skeletons/animated-project-skeleton.tsx(34,44): error TS2322: Type '{ section: "projects"; stagger: number; delay: number; className: string; }' is not assignable to type 'IntrinsicAttributes & SkeletonBaseProps'.
  Property 'stagger' does not exist on type 'IntrinsicAttributes & SkeletonBaseProps'.
components/skeletons/animated-project-skeleton.tsx(39,44): error TS2322: Type '{ section: "projects"; stagger: number; delay: number; className: string; }' is not assignable to type 'IntrinsicAttributes & SkeletonBaseProps'.
  Property 'stagger' does not exist on type 'IntrinsicAttributes & SkeletonBaseProps'.
components/skeletons/animated-project-skeleton.tsx(40,44): error TS2322: Type '{ section: "projects"; stagger: number; delay: number; className: string; }' is not assignable to type 'IntrinsicAttributes & SkeletonBaseProps'.
  Property 'stagger' does not exist on type 'IntrinsicAttributes & SkeletonBaseProps'.
components/skeletons/architecture-3d-skeleton.tsx(11,6): error TS2322: Type '{ children: Element[]; section: "architecture"; animate: string; delay: number; className: string; }' is not assignable to type 'IntrinsicAttributes & SkeletonBaseProps'.
  Property 'children' does not exist on type 'IntrinsicAttributes & SkeletonBaseProps'.
components/skeletons/architecture-3d-skeleton.tsx(18,8): error TS2322: Type '{ children: Element; section: "architecture"; stagger: number; delay: number; className: string; }' is not assignable to type 'IntrinsicAttributes & SkeletonBaseProps'.
  Property 'children' does not exist on type 'IntrinsicAttributes & SkeletonBaseProps'.
components/skeletons/architecture-3d-skeleton.tsx(28,46): error TS2322: Type '{ section: "architecture"; stagger: number; delay: number; className: string; }' is not assignable to type 'IntrinsicAttributes & SkeletonBaseProps'.
  Property 'stagger' does not exist on type 'IntrinsicAttributes & SkeletonBaseProps'.
components/skeletons/architecture-3d-skeleton.tsx(32,48): error TS2322: Type '{ section: "architecture"; stagger: number; delay: number; className: string; }' is not assignable to type 'IntrinsicAttributes & SkeletonBaseProps'.
  Property 'stagger' does not exist on type 'IntrinsicAttributes & SkeletonBaseProps'.
components/skeletons/architecture-3d-skeleton.tsx(33,48): error TS2322: Type '{ section: "architecture"; stagger: number; delay: number; className: string; }' is not assignable to type 'IntrinsicAttributes & SkeletonBaseProps'.
  Property 'stagger' does not exist on type 'IntrinsicAttributes & SkeletonBaseProps'.
components/skeletons/architecture-3d-skeleton.tsx(34,48): error TS2322: Type '{ section: "architecture"; stagger: number; delay: number; className: string; }' is not assignable to type 'IntrinsicAttributes & SkeletonBaseProps'.
  Property 'stagger' does not exist on type 'IntrinsicAttributes & SkeletonBaseProps'.
components/skeletons/architecture-3d-skeleton.tsx(39,48): error TS2322: Type '{ section: "architecture"; stagger: number; delay: number; className: string; }' is not assignable to type 'IntrinsicAttributes & SkeletonBaseProps'.
  Property 'stagger' does not exist on type 'IntrinsicAttributes & SkeletonBaseProps'.
components/skeletons/architecture-3d-skeleton.tsx(40,48): error TS2322: Type '{ section: "architecture"; stagger: number; delay: number; className: string; }' is not assignable to type 'IntrinsicAttributes & SkeletonBaseProps'.
  Property 'stagger' does not exist on type 'IntrinsicAttributes & SkeletonBaseProps'.
components/skeletons/architecture-3d-skeleton.tsx(41,48): error TS2322: Type '{ section: "architecture"; stagger: number; delay: number; className: string; }' is not assignable to type 'IntrinsicAttributes & SkeletonBaseProps'.
  Property 'stagger' does not exist on type 'IntrinsicAttributes & SkeletonBaseProps'.
components/skeletons/architecture-3d-skeleton.tsx(43,48): error TS2322: Type '{ section: "architecture"; stagger: number; delay: number; className: string; }' is not assignable to type 'IntrinsicAttributes & SkeletonBaseProps'.
  Property 'stagger' does not exist on type 'IntrinsicAttributes & SkeletonBaseProps'.
components/skeletons/code-blog-content-skeleton.tsx(14,38): error TS2322: Type '{ section: "blog"; stagger: number; delay: number; className: string; }' is not assignable to type 'IntrinsicAttributes & SkeletonBaseProps'.
  Property 'stagger' does not exist on type 'IntrinsicAttributes & SkeletonBaseProps'.
components/skeletons/code-blog-content-skeleton.tsx(16,38): error TS2322: Type '{ section: "blog"; stagger: number; delay: number; className: string; }' is not assignable to type 'IntrinsicAttributes & SkeletonBaseProps'.
  Property 'stagger' does not exist on type 'IntrinsicAttributes & SkeletonBaseProps'.
components/skeletons/code-blog-content-skeleton.tsx(18,38): error TS2322: Type '{ section: "blog"; stagger: number; delay: number; className: string; }' is not assignable to type 'IntrinsicAttributes & SkeletonBaseProps'.
  Property 'stagger' does not exist on type 'IntrinsicAttributes & SkeletonBaseProps'.
components/skeletons/code-blog-content-skeleton.tsx(21,40): error TS2322: Type '{ section: "blog"; stagger: number; delay: number; className: string; }' is not assignable to type 'IntrinsicAttributes & SkeletonBaseProps'.
  Property 'stagger' does not exist on type 'IntrinsicAttributes & SkeletonBaseProps'.
components/skeletons/code-blog-content-skeleton.tsx(22,40): error TS2322: Type '{ section: "blog"; stagger: number; delay: number; className: string; }' is not assignable to type 'IntrinsicAttributes & SkeletonBaseProps'.
  Property 'stagger' does not exist on type 'IntrinsicAttributes & SkeletonBaseProps'.
components/skeletons/code-blog-content-skeleton.tsx(30,40): error TS2322: Type '{ section: "blog"; stagger: number; delay: number; className: string; }' is not assignable to type 'IntrinsicAttributes & SkeletonBaseProps'.
  Property 'stagger' does not exist on type 'IntrinsicAttributes & SkeletonBaseProps'.
components/skeletons/code-blog-content-skeleton.tsx(31,40): error TS2322: Type '{ section: "blog"; stagger: number; delay: number; className: string; }' is not assignable to type 'IntrinsicAttributes & SkeletonBaseProps'.
  Property 'stagger' does not exist on type 'IntrinsicAttributes & SkeletonBaseProps'.
components/skeletons/code-blog-content-skeleton.tsx(32,40): error TS2322: Type '{ section: "blog"; stagger: number; delay: number; className: string; }' is not assignable to type 'IntrinsicAttributes & SkeletonBaseProps'.
  Property 'stagger' does not exist on type 'IntrinsicAttributes & SkeletonBaseProps'.
components/skeletons/code-blog-content-skeleton.tsx(37,40): error TS2322: Type '{ section: "blog"; stagger: number; delay: number; className: string; }' is not assignable to type 'IntrinsicAttributes & SkeletonBaseProps'.
  Property 'stagger' does not exist on type 'IntrinsicAttributes & SkeletonBaseProps'.
components/skeletons/code-blog-content-skeleton.tsx(40,13): error TS2322: Type '{ section: "blog"; stagger: number; delay: number; className: string; }' is not assignable to type 'IntrinsicAttributes & SkeletonBaseProps'.
  Property 'stagger' does not exist on type 'IntrinsicAttributes & SkeletonBaseProps'.
components/skeletons/code-blog-content-skeleton.tsx(48,40): error TS2322: Type '{ section: "blog"; stagger: number; delay: number; className: string; }' is not assignable to type 'IntrinsicAttributes & SkeletonBaseProps'.
  Property 'stagger' does not exist on type 'IntrinsicAttributes & SkeletonBaseProps'.
components/skeletons/code-blog-content-skeleton.tsx(49,40): error TS2322: Type '{ section: "blog"; stagger: number; delay: number; className: string; }' is not assignable to type 'IntrinsicAttributes & SkeletonBaseProps'.
  Property 'stagger' does not exist on type 'IntrinsicAttributes & SkeletonBaseProps'.
components/skeletons/code-blog-content-skeleton.tsx(50,40): error TS2322: Type '{ section: "blog"; stagger: number; delay: number; className: string; }' is not assignable to type 'IntrinsicAttributes & SkeletonBaseProps'.
  Property 'stagger' does not exist on type 'IntrinsicAttributes & SkeletonBaseProps'.
components/skeletons/code-blog-content-skeleton.tsx(55,40): error TS2322: Type '{ section: "blog"; stagger: number; delay: number; className: string; }' is not assignable to type 'IntrinsicAttributes & SkeletonBaseProps'.
  Property 'stagger' does not exist on type 'IntrinsicAttributes & SkeletonBaseProps'.
components/skeletons/code-blog-content-skeleton.tsx(58,13): error TS2322: Type '{ section: "blog"; stagger: number; delay: number; className: string; }' is not assignable to type 'IntrinsicAttributes & SkeletonBaseProps'.
  Property 'stagger' does not exist on type 'IntrinsicAttributes & SkeletonBaseProps'.
components/skeletons/code-blog-content-skeleton.tsx(66,40): error TS2322: Type '{ section: "blog"; stagger: number; delay: number; className: string; }' is not assignable to type 'IntrinsicAttributes & SkeletonBaseProps'.
  Property 'stagger' does not exist on type 'IntrinsicAttributes & SkeletonBaseProps'.
components/skeletons/code-blog-content-skeleton.tsx(67,40): error TS2322: Type '{ section: "blog"; stagger: number; delay: number; className: string; }' is not assignable to type 'IntrinsicAttributes & SkeletonBaseProps'.
  Property 'stagger' does not exist on type 'IntrinsicAttributes & SkeletonBaseProps'.
components/skeletons/code-blog-content-skeleton.tsx(68,40): error TS2322: Type '{ section: "blog"; stagger: number; delay: number; className: string; }' is not assignable to type 'IntrinsicAttributes & SkeletonBaseProps'.
  Property 'stagger' does not exist on type 'IntrinsicAttributes & SkeletonBaseProps'.
components/skeletons/featured-blog-skeleton.tsx(11,6): error TS2322: Type '{ children: Element[]; section: "blog"; animate: string; delay: number; className: string; }' is not assignable to type 'IntrinsicAttributes & SkeletonBaseProps'.
  Property 'children' does not exist on type 'IntrinsicAttributes & SkeletonBaseProps'.
components/skeletons/featured-blog-skeleton.tsx(20,9): error TS2322: Type '{ section: "blog"; stagger: number; delay: number; className: string; }' is not assignable to type 'IntrinsicAttributes & SkeletonBaseProps'.
  Property 'stagger' does not exist on type 'IntrinsicAttributes & SkeletonBaseProps'.
components/skeletons/featured-blog-skeleton.tsx(27,38): error TS2322: Type '{ section: "blog"; stagger: number; delay: number; className: string; }' is not assignable to type 'IntrinsicAttributes & SkeletonBaseProps'.
  Property 'stagger' does not exist on type 'IntrinsicAttributes & SkeletonBaseProps'.
components/skeletons/featured-blog-skeleton.tsx(31,40): error TS2322: Type '{ section: "blog"; stagger: number; delay: number; className: string; }' is not assignable to type 'IntrinsicAttributes & SkeletonBaseProps'.
  Property 'stagger' does not exist on type 'IntrinsicAttributes & SkeletonBaseProps'.
components/skeletons/featured-blog-skeleton.tsx(32,40): error TS2322: Type '{ section: "blog"; stagger: number; delay: number; className: string; }' is not assignable to type 'IntrinsicAttributes & SkeletonBaseProps'.
  Property 'stagger' does not exist on type 'IntrinsicAttributes & SkeletonBaseProps'.
components/skeletons/featured-blog-skeleton.tsx(37,40): error TS2322: Type '{ section: "blog"; stagger: number; delay: number; className: string; }' is not assignable to type 'IntrinsicAttributes & SkeletonBaseProps'.
  Property 'stagger' does not exist on type 'IntrinsicAttributes & SkeletonBaseProps'.
components/skeletons/featured-blog-skeleton.tsx(38,40): error TS2322: Type '{ section: "blog"; stagger: number; delay: number; className: string; }' is not assignable to type 'IntrinsicAttributes & SkeletonBaseProps'.
  Property 'stagger' does not exist on type 'IntrinsicAttributes & SkeletonBaseProps'.
components/skeletons/featured-blog-skeleton.tsx(39,40): error TS2322: Type '{ section: "blog"; stagger: number; delay: number; className: string; }' is not assignable to type 'IntrinsicAttributes & SkeletonBaseProps'.
  Property 'stagger' does not exist on type 'IntrinsicAttributes & SkeletonBaseProps'.
components/skeletons/featured-blog-skeleton.tsx(44,40): error TS2322: Type '{ section: "blog"; stagger: number; delay: number; className: string; }' is not assignable to type 'IntrinsicAttributes & SkeletonBaseProps'.
  Property 'stagger' does not exist on type 'IntrinsicAttributes & SkeletonBaseProps'.
components/skeletons/featured-blog-skeleton.tsx(45,40): error TS2322: Type '{ section: "blog"; stagger: number; delay: number; className: string; }' is not assignable to type 'IntrinsicAttributes & SkeletonBaseProps'.
  Property 'stagger' does not exist on type 'IntrinsicAttributes & SkeletonBaseProps'.
components/skeletons/featured-blog-skeleton.tsx(50,40): error TS2322: Type '{ section: "blog"; stagger: number; delay: number; className: string; }' is not assignable to type 'IntrinsicAttributes & SkeletonBaseProps'.
  Property 'stagger' does not exist on type 'IntrinsicAttributes & SkeletonBaseProps'.
components/skeletons/featured-blog-skeleton.tsx(51,40): error TS2322: Type '{ section: "blog"; stagger: number; delay: number; className: string; }' is not assignable to type 'IntrinsicAttributes & SkeletonBaseProps'.
  Property 'stagger' does not exist on type 'IntrinsicAttributes & SkeletonBaseProps'.
components/skeletons/featured-blog-skeleton.tsx(52,40): error TS2322: Type '{ section: "blog"; stagger: number; delay: number; className: string; }' is not assignable to type 'IntrinsicAttributes & SkeletonBaseProps'.
  Property 'stagger' does not exist on type 'IntrinsicAttributes & SkeletonBaseProps'.
components/skeletons/image-blog-content-skeleton.tsx(14,38): error TS2322: Type '{ section: "blog"; stagger: number; delay: number; className: string; }' is not assignable to type 'IntrinsicAttributes & SkeletonBaseProps'.
  Property 'stagger' does not exist on type 'IntrinsicAttributes & SkeletonBaseProps'.
components/skeletons/image-blog-content-skeleton.tsx(16,38): error TS2322: Type '{ section: "blog"; stagger: number; delay: number; className: string; }' is not assignable to type 'IntrinsicAttributes & SkeletonBaseProps'.
  Property 'stagger' does not exist on type 'IntrinsicAttributes & SkeletonBaseProps'.
components/skeletons/image-blog-content-skeleton.tsx(18,38): error TS2322: Type '{ section: "blog"; stagger: number; delay: number; className: string; }' is not assignable to type 'IntrinsicAttributes & SkeletonBaseProps'.
  Property 'stagger' does not exist on type 'IntrinsicAttributes & SkeletonBaseProps'.
components/skeletons/image-blog-content-skeleton.tsx(21,40): error TS2322: Type '{ section: "blog"; stagger: number; delay: number; className: string; }' is not assignable to type 'IntrinsicAttributes & SkeletonBaseProps'.
  Property 'stagger' does not exist on type 'IntrinsicAttributes & SkeletonBaseProps'.
components/skeletons/image-blog-content-skeleton.tsx(22,40): error TS2322: Type '{ section: "blog"; stagger: number; delay: number; className: string; }' is not assignable to type 'IntrinsicAttributes & SkeletonBaseProps'.
  Property 'stagger' does not exist on type 'IntrinsicAttributes & SkeletonBaseProps'.
components/skeletons/image-blog-content-skeleton.tsx(27,36): error TS2322: Type '{ section: "blog"; stagger: number; delay: number; className: string; }' is not assignable to type 'IntrinsicAttributes & SkeletonBaseProps'.
  Property 'stagger' does not exist on type 'IntrinsicAttributes & SkeletonBaseProps'.
components/skeletons/image-blog-content-skeleton.tsx(33,40): error TS2322: Type '{ section: "blog"; stagger: number; delay: number; className: string; }' is not assignable to type 'IntrinsicAttributes & SkeletonBaseProps'.
  Property 'stagger' does not exist on type 'IntrinsicAttributes & SkeletonBaseProps'.
components/skeletons/image-blog-content-skeleton.tsx(34,40): error TS2322: Type '{ section: "blog"; stagger: number; delay: number; className: string; }' is not assignable to type 'IntrinsicAttributes & SkeletonBaseProps'.
  Property 'stagger' does not exist on type 'IntrinsicAttributes & SkeletonBaseProps'.
components/skeletons/image-blog-content-skeleton.tsx(35,40): error TS2322: Type '{ section: "blog"; stagger: number; delay: number; className: string; }' is not assignable to type 'IntrinsicAttributes & SkeletonBaseProps'.
  Property 'stagger' does not exist on type 'IntrinsicAttributes & SkeletonBaseProps'.
components/skeletons/image-blog-content-skeleton.tsx(40,40): error TS2322: Type '{ section: "blog"; stagger: number; delay: number; className: string; }' is not assignable to type 'IntrinsicAttributes & SkeletonBaseProps'.
  Property 'stagger' does not exist on type 'IntrinsicAttributes & SkeletonBaseProps'.
components/skeletons/image-blog-content-skeleton.tsx(41,40): error TS2322: Type '{ section: "blog"; stagger: number; delay: number; className: string; }' is not assignable to type 'IntrinsicAttributes & SkeletonBaseProps'.
  Property 'stagger' does not exist on type 'IntrinsicAttributes & SkeletonBaseProps'.
components/skeletons/image-blog-content-skeleton.tsx(46,40): error TS2322: Type '{ section: "blog"; stagger: number; delay: number; className: string; }' is not assignable to type 'IntrinsicAttributes & SkeletonBaseProps'.
  Property 'stagger' does not exist on type 'IntrinsicAttributes & SkeletonBaseProps'.
components/skeletons/image-blog-content-skeleton.tsx(47,40): error TS2322: Type '{ section: "blog"; stagger: number; delay: number; className: string; }' is not assignable to type 'IntrinsicAttributes & SkeletonBaseProps'.
  Property 'stagger' does not exist on type 'IntrinsicAttributes & SkeletonBaseProps'.
components/skeletons/image-blog-content-skeleton.tsx(48,40): error TS2322: Type '{ section: "blog"; stagger: number; delay: number; className: string; }' is not assignable to type 'IntrinsicAttributes & SkeletonBaseProps'.
  Property 'stagger' does not exist on type 'IntrinsicAttributes & SkeletonBaseProps'.
components/skeletons/image-blog-content-skeleton.tsx(53,40): error TS2322: Type '{ section: "blog"; stagger: number; delay: number; className: string; }' is not assignable to type 'IntrinsicAttributes & SkeletonBaseProps'.
  Property 'stagger' does not exist on type 'IntrinsicAttributes & SkeletonBaseProps'.
components/skeletons/image-blog-content-skeleton.tsx(54,40): error TS2322: Type '{ section: "blog"; stagger: number; delay: number; className: string; }' is not assignable to type 'IntrinsicAttributes & SkeletonBaseProps'.
  Property 'stagger' does not exist on type 'IntrinsicAttributes & SkeletonBaseProps'.
components/skeletons/image-blog-content-skeleton.tsx(59,40): error TS2322: Type '{ section: "blog"; stagger: number; delay: number; className: string; }' is not assignable to type 'IntrinsicAttributes & SkeletonBaseProps'.
  Property 'stagger' does not exist on type 'IntrinsicAttributes & SkeletonBaseProps'.
components/skeletons/image-blog-content-skeleton.tsx(60,40): error TS2322: Type '{ section: "blog"; stagger: number; delay: number; className: string; }' is not assignable to type 'IntrinsicAttributes & SkeletonBaseProps'.
  Property 'stagger' does not exist on type 'IntrinsicAttributes & SkeletonBaseProps'.
components/skeletons/image-blog-content-skeleton.tsx(61,40): error TS2322: Type '{ section: "blog"; stagger: number; delay: number; className: string; }' is not assignable to type 'IntrinsicAttributes & SkeletonBaseProps'.
  Property 'stagger' does not exist on type 'IntrinsicAttributes & SkeletonBaseProps'.
components/skeletons/series-blog-skeleton.tsx(11,6): error TS2322: Type '{ children: Element; section: "blog"; animate: string; delay: number; className: string; }' is not assignable to type 'IntrinsicAttributes & SkeletonBaseProps'.
  Property 'children' does not exist on type 'IntrinsicAttributes & SkeletonBaseProps'.
components/skeletons/series-blog-skeleton.tsx(15,40): error TS2322: Type '{ section: "blog"; stagger: number; delay: number; className: string; }' is not assignable to type 'IntrinsicAttributes & SkeletonBaseProps'.
  Property 'stagger' does not exist on type 'IntrinsicAttributes & SkeletonBaseProps'.
components/skeletons/series-blog-skeleton.tsx(16,40): error TS2322: Type '{ section: "blog"; stagger: number; delay: number; className: string; }' is not assignable to type 'IntrinsicAttributes & SkeletonBaseProps'.
  Property 'stagger' does not exist on type 'IntrinsicAttributes & SkeletonBaseProps'.
components/skeletons/series-blog-skeleton.tsx(21,40): error TS2322: Type '{ section: "blog"; stagger: number; delay: number; className: string; }' is not assignable to type 'IntrinsicAttributes & SkeletonBaseProps'.
  Property 'stagger' does not exist on type 'IntrinsicAttributes & SkeletonBaseProps'.
components/skeletons/series-blog-skeleton.tsx(22,40): error TS2322: Type '{ section: "blog"; stagger: number; delay: number; className: string; }' is not assignable to type 'IntrinsicAttributes & SkeletonBaseProps'.
  Property 'stagger' does not exist on type 'IntrinsicAttributes & SkeletonBaseProps'.
components/skeletons/series-blog-skeleton.tsx(27,40): error TS2322: Type '{ section: "blog"; stagger: number; delay: number; className: string; }' is not assignable to type 'IntrinsicAttributes & SkeletonBaseProps'.
  Property 'stagger' does not exist on type 'IntrinsicAttributes & SkeletonBaseProps'.
components/skeletons/series-blog-skeleton.tsx(28,40): error TS2322: Type '{ section: "blog"; stagger: number; delay: number; className: string; }' is not assignable to type 'IntrinsicAttributes & SkeletonBaseProps'.
  Property 'stagger' does not exist on type 'IntrinsicAttributes & SkeletonBaseProps'.
components/skeletons/series-blog-skeleton.tsx(29,40): error TS2322: Type '{ section: "blog"; stagger: number; delay: number; className: string; }' is not assignable to type 'IntrinsicAttributes & SkeletonBaseProps'.
  Property 'stagger' does not exist on type 'IntrinsicAttributes & SkeletonBaseProps'.
components/skeletons/series-blog-skeleton.tsx(33,38): error TS2322: Type '{ section: "blog"; stagger: number; delay: number; className: string; }' is not assignable to type 'IntrinsicAttributes & SkeletonBaseProps'.
  Property 'stagger' does not exist on type 'IntrinsicAttributes & SkeletonBaseProps'.
components/skeletons/series-blog-skeleton.tsx(37,40): error TS2322: Type '{ section: "blog"; stagger: number; delay: number; className: string; }' is not assignable to type 'IntrinsicAttributes & SkeletonBaseProps'.
  Property 'stagger' does not exist on type 'IntrinsicAttributes & SkeletonBaseProps'.
components/skeletons/series-blog-skeleton.tsx(38,40): error TS2322: Type '{ section: "blog"; stagger: number; delay: number; className: string; }' is not assignable to type 'IntrinsicAttributes & SkeletonBaseProps'.
  Property 'stagger' does not exist on type 'IntrinsicAttributes & SkeletonBaseProps'.
components/social-share.tsx(91,29): error TS2322: Type '{ size: number; }' is not assignable to type 'IntrinsicAttributes & SVGProps<SVGSVGElement>'.
  Property 'size' does not exist on type 'IntrinsicAttributes & SVGProps<SVGSVGElement>'.
components/social-share.tsx(92,31): error TS2322: Type '{ size: number; }' is not assignable to type 'IntrinsicAttributes & SVGProps<SVGSVGElement>'.
  Property 'size' does not exist on type 'IntrinsicAttributes & SVGProps<SVGSVGElement>'.
components/social-share.tsx(93,31): error TS2322: Type '{ size: number; }' is not assignable to type 'IntrinsicAttributes & SVGProps<SVGSVGElement>'.
  Property 'size' does not exist on type 'IntrinsicAttributes & SVGProps<SVGSVGElement>'.
components/social-share.tsx(94,24): error TS2322: Type '{ size: number; }' is not assignable to type 'IntrinsicAttributes & SVGProps<SVGSVGElement>'.
  Property 'size' does not exist on type 'IntrinsicAttributes & SVGProps<SVGSVGElement>'.
components/social-share.tsx(95,33): error TS2322: Type '{ size: number; }' is not assignable to type 'IntrinsicAttributes & SVGProps<SVGSVGElement>'.
  Property 'size' does not exist on type 'IntrinsicAttributes & SVGProps<SVGSVGElement>'.
components/social-share.tsx(95,61): error TS2339: Property 'link' does not exist on type 'Record<"type" | "x" | "home" | "user" | "briefcase" | "code" | "architecture" | "fileText" | "bookOpen" | "palette" | "contact" | "menu" | "arrowRight" | "chevronLeft" | "chevronRight" | ... 77 more ... | "sparkles", FC<...>>'.
components/social-share.tsx(118,26): error TS2322: Type '{ size: number; }' is not assignable to type 'IntrinsicAttributes & SVGProps<SVGSVGElement>'.
  Property 'size' does not exist on type 'IntrinsicAttributes & SVGProps<SVGSVGElement>'.
components/speed-reading/compact-speed-controls.tsx(38,28): error TS6133: 'setIsSliderDragging' is declared but its value is never read.
components/speed-reading/floating-mini-player-button.tsx(50,16): error TS2339: Property 'rocket' does not exist on type 'Record<"type" | "x" | "home" | "user" | "briefcase" | "code" | "architecture" | "fileText" | "bookOpen" | "palette" | "contact" | "menu" | "arrowRight" | "chevronLeft" | "chevronRight" | ... 77 more ... | "sparkles", FC<...>>'.
components/speed-reading/floating-speed-read-button.tsx(23,21): error TS6133: 'setIsVisible' is declared but its value is never read.
components/speed-reading/floating-speed-read-launcher.tsx(32,21): error TS2365: Operator '>' cannot be applied to types 'ScrollPosition' and 'number'.
components/speed-reading/focus-mode.tsx(130,5): error TS6133: 'isActive' is declared but its value is never read.
components/speed-reading/focus-mode.tsx(137,5): error TS6133: 'start' is declared but its value is never read.
components/speed-reading/focus-mode.tsx(145,23): error TS2345: Argument of type 'null' is not assignable to parameter of type 'string | undefined'.
components/speed-reading/focus-mode.tsx(177,9): error TS6133: 'handlePrevious' is declared but its value is never read.
components/speed-reading/focus-mode.tsx(181,9): error TS6133: 'handleNext' is declared but its value is never read.
components/speed-reading/mini-player-mode.tsx(46,9): error TS6133: 'playerRef' is declared but its value is never read.
components/speed-reading/mini-player-mode.tsx(50,38): error TS2339: Property 'elementRef' does not exist on type '{ isDragging: boolean; position: Position; dragHandleProps: { onMouseDown: (e: MouseEvent<HTMLElement, MouseEvent>) => void; style: { ...; }; }; setPosition: Dispatch<...>; }'.
components/speed-reading/mini-player-mode.tsx(52,5): error TS2353: Object literal may only specify known properties, and 'boundarySelector' does not exist in type 'UseDraggableOptions'.
components/speed-reading/mini-player-mode.tsx(59,5): error TS6133: 'content' is declared but its value is never read.
components/speed-reading/mini-player-mode.tsx(60,5): error TS6133: 'currentIndex' is declared but its value is never read.
components/speed-reading/mini-player-mode.tsx(72,5): error TS6133: 'startFromIndex' is declared but its value is never read.
components/speed-reading/mini-player-mode.tsx(237,17): error TS2322: Type 'ContentType | undefined' is not assignable to type '"code" | "heading" | "list" | "paragraph" | undefined'.
  Type '"text"' is not assignable to type '"code" | "heading" | "list" | "paragraph" | undefined'.
components/speed-reading/selection-speed-read.tsx(27,10): error TS6133: 'selectionLength' is declared but its value is never read.
components/speed-reading/simple-speed-read-button.tsx(19,16): error TS2339: Property 'rocket' does not exist on type 'Record<"type" | "x" | "home" | "user" | "briefcase" | "code" | "architecture" | "fileText" | "bookOpen" | "palette" | "contact" | "menu" | "arrowRight" | "chevronLeft" | "chevronRight" | ... 77 more ... | "sparkles", FC<...>>'.
components/speed-reading/simple-speed-reading-modal.tsx(46,13): error TS7030: Not all code paths return a value.
components/speed-reading/speed-reading-button.tsx(15,59): error TS6133: 'className' is declared but its value is never read.
components/speed-reading/speed-reading-button.tsx(34,16): error TS2339: Property 'rocket' does not exist on type 'Record<"type" | "x" | "home" | "user" | "briefcase" | "code" | "architecture" | "fileText" | "bookOpen" | "palette" | "contact" | "menu" | "arrowRight" | "chevronLeft" | "chevronRight" | ... 77 more ... | "sparkles", FC<...>>'.
components/speed-reading/speed-reading-mode.tsx(30,3): error TS6133: 'content' is declared but its value is never read.
components/speed-reading/speed-reading-mode.tsx(33,3): error TS6133: 'darkMode' is declared but its value is never read.
components/speed-reading/speed-reading-mode.tsx(34,3): error TS6133: 'contentType' is declared but its value is never read.
components/speed-reading/speed-reading-mode.tsx(35,3): error TS6133: 'initialWpm' is declared but its value is never read.
components/speed-reading/speed-reading-mode.tsx(36,3): error TS6133: 'blogSlug' is declared but its value is never read.
components/speed-reading/speed-reading-mode.tsx(37,3): error TS6133: 'contentSelector' is declared but its value is never read.
components/speed-reading/speed-reading-mode.tsx(40,9): error TS6133: 'isDarkMode' is declared but its value is never read.
components/summary-generator-button.tsx(22,16): error TS6133: 'handleGenerateClick' is declared but its value is never read.
components/tag-cloud.tsx(21,15): error TS2554: Expected 1 arguments, but got 0.
components/tag-cloud.tsx(21,15): error TS2345: Argument of type 'number' is not assignable to parameter of type 'SetStateAction<Record<string, number>>'.
components/tag-filter-dropdown.tsx(38,9): error TS6133: 'propTags' is declared but its value is never read.
components/tag-filter-dropdown.tsx(170,37): error TS2322: Type '{ tag: string; highlightTag: true; className: string; }' is not assignable to type 'IntrinsicAttributes & ColoredTagProps'.
  Property 'highlightTag' does not exist on type 'IntrinsicAttributes & ColoredTagProps'.
components/theme-transition.tsx(18,13): error TS7030: Not all code paths return a value.
components/three-d-viewer.tsx(55,3): error TS6133: 'modelUrl' is declared but its value is never read.
components/three-d-viewer.tsx(55,3): error TS7031: Binding element 'modelUrl' implicitly has an 'any' type.
components/three-d-viewer.tsx(56,3): error TS6133: 'scale' is declared but its value is never read.
components/three-d-viewer.tsx(57,3): error TS6133: 'position' is declared but its value is never read.
components/three-d-viewer.tsx(58,3): error TS6133: 'rotation' is declared but its value is never read.
components/three-d-viewer.tsx(63,3): error TS7031: Binding element 'imageUrl' implicitly has an 'any' type.
components/three-d-viewer.tsx(71,7): error TS18047: 'containerRef.current' is possibly 'null'.
components/three-d-viewer.tsx(71,55): error TS7006: Parameter 'err' implicitly has an 'any' type.
components/three-d-viewer.tsx(147,24): error TS2322: Type 'string' is not assignable to type '"city" | "apartment" | "dawn" | "forest" | "lobby" | "night" | "park" | "studio" | "sunset" | "warehouse" | undefined'.
components/timeline.tsx(234,38): error TS2339: Property 'title' does not exist on type 'Project'.
components/ui/calendar.tsx(57,9): error TS2353: Object literal may only specify known properties, and 'IconLeft' does not exist in type 'Partial<CustomComponents>'.
components/ui/calendar.tsx(57,20): error TS6133: 'props' is declared but its value is never read.
components/ui/calendar.tsx(58,21): error TS6133: 'props' is declared but its value is never read.
components/ui/chart.tsx(119,7): error TS2339: Property 'payload' does not exist on type 'Omit<Omit<Props<ValueType, NameType>, PropertiesReadFromContext> & { active?: boolean | undefined; includeHidden?: boolean | undefined; ... 17 more ...; axisId?: AxisId | undefined; } & ClassAttributes<...> & HTMLAttributes<...> & { ...; }, "ref">'.
components/ui/chart.tsx(124,7): error TS2339: Property 'label' does not exist on type 'Omit<Omit<Props<ValueType, NameType>, PropertiesReadFromContext> & { active?: boolean | undefined; includeHidden?: boolean | undefined; ... 17 more ...; axisId?: AxisId | undefined; } & ClassAttributes<...> & HTMLAttributes<...> & { ...; }, "ref">'.
components/ui/chart.tsx(188,25): error TS7006: Parameter 'item' implicitly has an 'any' type.
components/ui/chart.tsx(188,31): error TS7006: Parameter 'index' implicitly has an 'any' type.
components/ui/chart.tsx(264,41): error TS2344: Type '"verticalAlign" | "payload"' does not satisfy the constraint '"string" | "d" | "name" | "path" | "type" | "filter" | "fill" | "values" | "from" | "to" | "in" | "order" | "onClick" | "style" | "clipPath" | "mask" | "children" | "color" | "points" | ... 427 more ... | "onBBoxUpdate"'.
  Type '"payload"' is not assignable to type '"string" | "d" | "name" | "path" | "type" | "filter" | "fill" | "values" | "from" | "to" | "in" | "order" | "onClick" | "style" | "clipPath" | "mask" | "children" | "color" | "points" | ... 427 more ... | "onBBoxUpdate"'.
components/ui/chart.tsx(275,19): error TS2339: Property 'length' does not exist on type '{}'.
components/ui/chart.tsx(288,18): error TS2339: Property 'map' does not exist on type '{}'.
components/ui/chart.tsx(288,23): error TS7006: Parameter 'item' implicitly has an 'any' type.
components/zoomable-image.tsx(37,3): error TS6133: 'isAnnotatable' is declared but its value is never read.
components/zoomable-image.tsx(198,13): error TS7030: Not all code paths return a value.
hooks/use-image-gallery.ts(154,9): error TS2345: Argument of type 'import("/Users/thakr/.local/dev/thakr.io/hooks/use-image-gallery").ExportOptions' is not assignable to parameter of type 'import("/Users/thakr/.local/dev/thakr.io/utils/export-annotations").ExportOptions'.
  Property 'format' is missing in type 'import("/Users/thakr/.local/dev/thakr.io/hooks/use-image-gallery").ExportOptions' but required in type 'import("/Users/thakr/.local/dev/thakr.io/utils/export-annotations").ExportOptions'.
hooks/use-interval.ts(11,25): error TS2554: Expected 1 arguments, but got 0.
hooks/use-interval.ts(19,13): error TS7030: Not all code paths return a value.
hooks/use-page-transition.ts(11,13): error TS7030: Not all code paths return a value.
hooks/use-speed-reading.ts(47,9): error TS6133: 'lastPlayAttemptRef' is declared but its value is never read.
lib/markdown-config.tsx(1,43): error TS2307: Cannot find module 'react-markdown/lib/react-markdown' or its corresponding type declarations.
lib/supabase/server.ts(49,28): error TS2339: Property 'get' does not exist on type 'Promise<ReadonlyRequestCookies>'.
lib/supabase/server.ts(53,23): error TS2339: Property 'set' does not exist on type 'Promise<ReadonlyRequestCookies>'.
lib/supabase/server.ts(60,23): error TS2339: Property 'set' does not exist on type 'Promise<ReadonlyRequestCookies>'.
mdx-components.tsx(3,36): error TS2307: Cannot find module 'mdx/types' or its corresponding type declarations.
utils/content-structure-analyzer.ts(71,7): error TS2322: Type '{ type: string; children: ({ type: string; props: { textLength: number; importance: string; columns?: undefined; }; children?: undefined; } | { type: string; props: { textLength: number; importance?: undefined; columns?: undefined; }; children?: undefined; } | { ...; })[]; } | { ...; }' is not assignable to type 'ContentStructure | null'.
  Type '{ type: string; children: ({ type: string; props: { textLength: number; importance: string; columns?: undefined; }; children?: undefined; } | { type: string; props: { textLength: number; importance?: undefined; columns?: undefined; }; children?: undefined; } | { ...; })[]; }' is not assignable to type 'ContentStructure'.
    Types of property 'type' are incompatible.
      Type 'string' is not assignable to type '"text" | "section" | "image" | "grid" | "heading" | "list" | "page" | "card"'.
utils/content-structure-analyzer.ts(73,7): error TS2322: Type '{ type: string; children: ({ type: string; props: { textLength: number; importance: string; columns?: undefined; }; children?: undefined; } | { type: string; props: { textLength: number; importance?: undefined; columns?: undefined; }; children?: undefined; } | { ...; })[]; } | { ...; }' is not assignable to type 'ContentStructure | null'.
  Type '{ type: string; children: ({ type: string; props: { textLength: number; importance: string; columns?: undefined; }; children?: undefined; } | { type: string; props: { textLength: number; importance?: undefined; columns?: undefined; }; children?: undefined; } | { ...; })[]; }' is not assignable to type 'ContentStructure'.
    Types of property 'type' are incompatible.
      Type 'string' is not assignable to type '"text" | "section" | "image" | "grid" | "heading" | "list" | "page" | "card"'.
utils/content-structure-analyzer.ts(75,7): error TS2322: Type '{ type: string; children: ({ type: string; props: { textLength: number; importance: string; columns?: undefined; }; children?: undefined; } | { type: string; props: { textLength: number; importance?: undefined; columns?: undefined; }; children?: undefined; } | { ...; })[]; } | { ...; }' is not assignable to type 'ContentStructure | null'.
  Type '{ type: string; children: ({ type: string; props: { textLength: number; importance: string; columns?: undefined; }; children?: undefined; } | { type: string; props: { textLength: number; importance?: undefined; columns?: undefined; }; children?: undefined; } | { ...; })[]; }' is not assignable to type 'ContentStructure'.
    Types of property 'type' are incompatible.
      Type 'string' is not assignable to type '"text" | "section" | "image" | "grid" | "heading" | "list" | "page" | "card"'.
utils/content-structure-analyzer.ts(77,7): error TS2322: Type '{ type: string; children: ({ type: string; props: { textLength: number; importance: string; itemCount?: undefined; layout?: undefined; }; children?: undefined; } | { type: string; props: { textLength: number; importance?: undefined; itemCount?: undefined; layout?: undefined; }; children?: undefined; } | { ...; })[]; }' is not assignable to type 'ContentStructure'.
  Types of property 'type' are incompatible.
    Type 'string' is not assignable to type '"text" | "section" | "image" | "grid" | "heading" | "list" | "page" | "card"'.
utils/content-structure-analyzer.ts(79,7): error TS2322: Type '{ type: string; children: ({ type: string; props: { textLength: number; importance: string; columns?: undefined; }; children?: undefined; } | { type: string; props: { columns: number; textLength?: undefined; importance?: undefined; }; children: ({ ...; } | { ...; })[]; })[]; }' is not assignable to type 'ContentStructure'.
  Types of property 'type' are incompatible.
    Type 'string' is not assignable to type '"text" | "section" | "image" | "grid" | "heading" | "list" | "page" | "card"'.
utils/content-structure-analyzer.ts(81,7): error TS2322: Type '{ type: string; children: ({ type: string; props: { textLength: number; importance: string; columns?: undefined; }; children?: undefined; } | { type: string; props: { textLength: number; importance?: undefined; columns?: undefined; }; children?: undefined; } | { ...; })[]; }' is not assignable to type 'ContentStructure'.
  Types of property 'type' are incompatible.
    Type 'string' is not assignable to type '"text" | "section" | "image" | "grid" | "heading" | "list" | "page" | "card"'.
utils/content-structure-analyzer.ts(83,7): error TS2322: Type '{ type: string; children: ({ type: string; props: { importance: string; }; children: ({ type: string; props: { textLength: number; importance: string; columns?: undefined; }; children?: undefined; } | { ...; } | { ...; })[]; } | { ...; })[]; }' is not assignable to type 'ContentStructure'.
  Types of property 'type' are incompatible.
    Type 'string' is not assignable to type '"text" | "section" | "image" | "grid" | "heading" | "list" | "page" | "card"'.
utils/export-annotations.ts(14,3): error TS6133: 'imageUrl' is declared but its value is never read.
utils/export-annotations.ts(154,19): error TS2345: Argument of type 'undefined' is not assignable to parameter of type 'string'.
utils/export-annotations.ts(157,19): error TS2345: Argument of type 'undefined' is not assignable to parameter of type 'string'.
utils/optimized-dom.ts(51,11): error TS6133: 'results' is declared but its value is never read.
utils/speed-reading.ts(183,9): error TS6133: 'codeElements' is declared but its value is never read.
utils/text-highlighter.ts(134,18): error TS7006: Parameter 'node' implicitly has an 'any' type.
utils/text-selection.ts(53,9): error TS6133: 'containerText' is declared but its value is never read.
